# JRE version: OpenJDK Runtime Environment Temurin-26.0.1+8 (26.0.1+8) (build 26.0.1+8)
# Java VM: OpenJDK 64-Bit Server VM Temurin-26.0.1+8 (26.0.1+8, mixed mode, sharing, tiered, compressed oops, compressed class ptrs, g1 gc, windows-amd64)
GC Precious Log:
 CardTable entry size: 512
 Card Set container configuration: InlinePtr #cards 5 size 8 Array Of Cards #cards 10 size 36 Howl #buckets 4 coarsen threshold 1843 Howl Bitmap #cards 512 size 80 coarsen threshold 460 Card regions per heap region 1 cards per card region 2048
 CPUs: 4 total, 4 available
 Memory: 6013M
 Large Page Support: Disabled
 NUMA Support: Disabled
 Compressed Oops: Enabled (32-bit)
 Heap Region Size: 1M
 Heap Min Capacity: 8M
 Heap Initial Capacity: 8M
 Heap Max Capacity: 1504M
 Pre-touch: Disabled
 Parallel Workers: 4
 Concurrent Workers: 1
 Concurrent Refinement Workers: 4
 Periodic GC: Disabled
Heap:
 garbage-first heap   total reserved 1540096K, committed 51200K, used 39803K [0x00000000a2000000, 0x0000000100000000)
  region size 1M, 0 eden (0M), 2 survivor (2M), 35 old (35M), 2 humongous (2M), 11 free (11M)
GC Heap Usage History (20 events):
Event: 10.888 {heap After GC invocations=32 (full 0):
 garbage-first heap   total reserved 1540096K, committed 46080K, used 25125K [0x00000000a2000000, 0x0000000100000000)
  region size 1M, 0 eden (0M), 3 survivor (3M), 20 old (20M), 2 humongous (2M), 20 free (20M)
}
Event: 14.895 {heap Before GC invocations=32 (full 0):
 garbage-first heap   total reserved 1540096K, committed 46080K, used 40485K [0x00000000a2000000, 0x0000000100000000)
  region size 1M, 16 eden (16M), 3 survivor (3M), 20 old (20M), 2 humongous (2M), 4 free (4M)
}
Event: 14.902 {heap After GC invocations=33 (full 0):
 garbage-first heap   total reserved 1540096K, committed 47104K, used 26603K [0x00000000a2000000, 0x0000000100000000)
  region size 1M, 0 eden (0M), 2 survivor (2M), 22 old (22M), 2 humongous (2M), 20 free (20M)
}
Event: 17.254 {heap Before GC invocations=33 (full 0):
 garbage-first heap   total reserved 1540096K, committed 47104K, used 42987K [0x00000000a2000000, 0x0000000100000000)
  region size 1M, 16 eden (16M), 2 survivor (2M), 22 old (22M), 2 humongous (2M), 4 free (4M)
}
Event: 17.258 {heap After GC invocations=34 (full 0):
 garbage-first heap   total reserved 1540096K, committed 47104K, used 27804K [0x00000000a2000000, 0x0000000100000000)
  region size 1M, 0 eden (0M), 2 survivor (2M), 24 old (24M), 2 humongous (2M), 18 free (18M)
}
Event: 17.859 {heap Before GC invocations=35 (full 0):
 garbage-first heap   total reserved 1540096K, committed 47104K, used 41116K [0x00000000a2000000, 0x0000000100000000)
  region size 1M, 14 eden (14M), 2 survivor (2M), 24 old (24M), 2 humongous (2M), 4 free (4M)
}
Event: 17.862 {heap After GC invocations=36 (full 0):
 garbage-first heap   total reserved 1540096K, committed 47104K, used 28695K [0x00000000a2000000, 0x0000000100000000)
  region size 1M, 0 eden (0M), 1 survivor (1M), 26 old (26M), 2 humongous (2M), 17 free (17M)
}
Event: 18.269 {heap Before GC invocations=36 (full 0):
 garbage-first heap   total reserved 1540096K, committed 47104K, used 43031K [0x00000000a2000000, 0x0000000100000000)
  region size 1M, 14 eden (14M), 1 survivor (1M), 26 old (26M), 2 humongous (2M), 3 free (3M)
}
Event: 18.272 {heap After GC invocations=37 (full 0):
 garbage-first heap   total reserved 1540096K, committed 47104K, used 29059K [0x00000000a2000000, 0x0000000100000000)
  region size 1M, 0 eden (0M), 2 survivor (2M), 25 old (25M), 2 humongous (2M), 17 free (17M)
}
Event: 30.409 {heap Before GC invocations=37 (full 0):
 garbage-first heap   total reserved 1540096K, committed 47104K, used 43395K [0x00000000a2000000, 0x0000000100000000)
  region size 1M, 14 eden (14M), 2 survivor (2M), 25 old (25M), 2 humongous (2M), 3 free (3M)
}
Event: 30.412 {heap After GC invocations=38 (full 0):
 garbage-first heap   total reserved 1540096K, committed 47104K, used 29793K [0x00000000a2000000, 0x0000000100000000)
  region size 1M, 0 eden (0M), 2 survivor (2M), 26 old (26M), 2 humongous (2M), 16 free (16M)
}
Event: 30.826 {heap Before GC invocations=39 (full 0):
 garbage-first heap   total reserved 1540096K, committed 47104K, used 43105K [0x00000000a2000000, 0x0000000100000000)
  region size 1M, 13 eden (13M), 2 survivor (2M), 26 old (26M), 2 humongous (2M), 3 free (3M)
}
Event: 30.830 {heap After GC invocations=40 (full 0):
 garbage-first heap   total reserved 1540096K, committed 47104K, used 31008K [0x00000000a2000000, 0x0000000100000000)
  region size 1M, 0 eden (0M), 2 survivor (2M), 27 old (27M), 2 humongous (2M), 15 free (15M)
}
Event: 31.221 {heap Before GC invocations=40 (full 0):
 garbage-first heap   total reserved 1540096K, committed 47104K, used 43296K [0x00000000a2000000, 0x0000000100000000)
  region size 1M, 12 eden (12M), 2 survivor (2M), 27 old (27M), 2 humongous (2M), 3 free (3M)
}
Event: 31.226 {heap After GC invocations=41 (full 0):
 garbage-first heap   total reserved 1540096K, committed 48128K, used 31830K [0x00000000a2000000, 0x0000000100000000)
  region size 1M, 0 eden (0M), 2 survivor (2M), 28 old (28M), 2 humongous (2M), 15 free (15M)
}
Event: 31.311 {heap Before GC invocations=41 (full 0):
 garbage-first heap   total reserved 1540096K, committed 48128K, used 44118K [0x00000000a2000000, 0x0000000100000000)
  region size 1M, 12 eden (12M), 2 survivor (2M), 28 old (28M), 2 humongous (2M), 3 free (3M)
}
Event: 31.314 {heap After GC invocations=42 (full 0):
 garbage-first heap   total reserved 1540096K, committed 48128K, used 32446K [0x00000000a2000000, 0x0000000100000000)
  region size 1M, 0 eden (0M), 2 survivor (2M), 28 old (28M), 2 humongous (2M), 15 free (15M)
}
Event: 31.415 {heap Before GC invocations=43 (full 0):
 garbage-first heap   total reserved 1540096K, committed 48128K, used 44734K [0x00000000a2000000, 0x0000000100000000)
  region size 1M, 12 eden (12M), 2 survivor (2M), 28 old (28M), 2 humongous (2M), 3 free (3M)
}
Event: 31.422 {heap After GC invocations=44 (full 0):
 garbage-first heap   total reserved 1540096K, committed 51200K, used 36357K [0x00000000a2000000, 0x0000000100000000)
  region size 1M, 0 eden (0M), 2 survivor (2M), 32 old (32M), 2 humongous (2M), 14 free (14M)
}
Event: 31.479 {heap Before GC invocations=44 (full 0):
 garbage-first heap   total reserved 1540096K, committed 51200K, used 45573K [0x00000000a2000000, 0x0000000100000000)
  region size 1M, 9 eden (9M), 2 survivor (2M), 32 old (32M), 2 humongous (2M), 5 free (5M)
}

